<?xml version="1.0" encoding="UTF-8"?>
<!-- Generated by org.testng.reporters.JUnitXMLReporter -->
<testsuite ignored="0" hostname="LAPTOP-1M2A79M2" failures="0" tests="2" name="Surefire test" time="2.544" errors="0" timestamp="2023-02-23T05:16:39 GMT">
  <testcase classname="Test_scenarios.TestScenario1" name="@BeforeTest beforetest" time="2.513">
    <failure type="java.lang.NoSuchMethodError" message="&amp;apos;com.google.common.collect.ImmutableMap com.google.common.collect.ImmutableMap.of(java.lang.Object, java.lang.Object, java.lang.Object, java.lang.Object, java.lang.Object, java.lang.Object, java.lang.Object, java.lang.Object, java.lang.Object, java.lang.Object, java.lang.Object, java.lang.Object)&amp;apos;">
      <![CDATA[java.lang.NoSuchMethodError: 'com.google.common.collect.ImmutableMap com.google.common.collect.ImmutableMap.of(java.lang.Object, java.lang.Object, java.lang.Object, java.lang.Object, java.lang.Object, java.lang.Object, java.lang.Object, java.lang.Object, java.lang.Object, java.lang.Object, java.lang.Object, java.lang.Object)'
at org.openqa.selenium.chrome.AddHasCasting.getAdditionalCommands(AddHasCasting.java:38)
at org.openqa.selenium.chrome.ChromeDriver$ChromeDriverCommandExecutor.getExtraCommands(ChromeDriver.java:123)
at org.openqa.selenium.chrome.ChromeDriver$ChromeDriverCommandExecutor.<init>(ChromeDriver.java:118)
at org.openqa.selenium.chrome.ChromeDriver.<init>(ChromeDriver.java:106)
at org.openqa.selenium.chrome.ChromeDriver.<init>(ChromeDriver.java:93)
at org.openqa.selenium.chrome.ChromeDriver.<init>(ChromeDriver.java:48)
at Test_scenarios.TestScenario1.beforetest(TestScenario1.java:27)
... Removed 29 stack frames]]>
    </failure>
  </testcase> <!-- @BeforeTest beforetest -->
  <testcase classname="Test_scenarios.TestScenario1" name="@AfterTest Aftertest" time="-1.677129399299E9">
    <skipped/>
  </testcase> <!-- @AfterTest Aftertest -->
  <testcase classname="Test_scenarios.TestScenario1" name="ValidCheckout" time="0.0">
    <skipped/>
  </testcase> <!-- ValidCheckout -->
  <testcase classname="Test_scenarios.TestScenario1" name="inValidlogin" time="0.0">
    <skipped/>
  </testcase> <!-- inValidlogin -->
</testsuite> <!-- Surefire test -->
