-------------------------------------------------------------------------------
Test set: Test_scenarios.TestScenario1
-------------------------------------------------------------------------------
Tests run: 4, Failures: 1, Errors: 0, Skipped: 3, Time elapsed: 2.965 s <<< FAILURE! - in Test_scenarios.TestScenario1
beforetest(Test_scenarios.TestScenario1)  Time elapsed: 2.833 s  <<< FAILURE!
java.lang.NoSuchMethodError: 'com.google.common.collect.ImmutableMap com.google.common.collect.ImmutableMap.of(java.lang.Object, java.lang.Object, java.lang.Object, java.lang.Object, java.lang.Object, java.lang.Object, java.lang.Object, java.lang.Object, java.lang.Object, java.lang.Object, java.lang.Object, java.lang.Object)'
	at Test_scenarios.TestScenario1.beforetest(TestScenario1.java:27)

