<?xml version="1.0" encoding="UTF-8"?>
<testng-results ignored="0" total="2" passed="2" failed="0" skipped="0">
  <reporter-output>
  </reporter-output>
  <suite started-at="2023-03-03T07:46:28 GMT" name="Default suite" finished-at="2023-03-03T07:46:41 GMT" duration-ms="12638">
    <groups>
    </groups>
    <test started-at="2023-03-03T07:46:28 GMT" name="Default test" finished-at="2023-03-03T07:46:41 GMT" duration-ms="12638">
      <class name="Test_scenarios.TestScenario1">
        <test-method is-config="true" signature="abeforetest()[pri:0, instance:Test_scenarios.TestScenario1@3c7f66c4]" started-at="2023-03-03T07:46:28 GMT" name="abeforetest" finished-at="2023-03-03T07:46:30 GMT" duration-ms="1680" status="PASS">
          <reporter-output>
          </reporter-output>
        </test-method> <!-- abeforetest -->
        <test-method is-config="true" signature="launch()[pri:0, instance:Test_scenarios.TestScenario1@3c7f66c4]" started-at="2023-03-03T07:46:30 GMT" name="launch" finished-at="2023-03-03T07:46:31 GMT" duration-ms="719" status="PASS">
          <reporter-output>
          </reporter-output>
        </test-method> <!-- launch -->
        <test-method signature="ValidCheckout()[pri:1, instance:Test_scenarios.TestScenario1@3c7f66c4]" started-at="2023-03-03T07:46:31 GMT" name="ValidCheckout" finished-at="2023-03-03T07:46:40 GMT" duration-ms="9869" status="PASS">
          <reporter-output>
          </reporter-output>
        </test-method> <!-- ValidCheckout -->
        <test-method is-config="true" signature="launch()[pri:0, instance:Test_scenarios.TestScenario1@3c7f66c4]" started-at="2023-03-03T07:46:40 GMT" name="launch" finished-at="2023-03-03T07:46:41 GMT" duration-ms="66" status="PASS">
          <reporter-output>
          </reporter-output>
        </test-method> <!-- launch -->
        <test-method signature="inValidlogin()[pri:2, instance:Test_scenarios.TestScenario1@3c7f66c4]" started-at="2023-03-03T07:46:41 GMT" name="inValidlogin" finished-at="2023-03-03T07:46:41 GMT" duration-ms="276" status="PASS">
          <reporter-output>
          </reporter-output>
        </test-method> <!-- inValidlogin -->
      </class> <!-- Test_scenarios.TestScenario1 -->
    </test> <!-- Default test -->
  </suite> <!-- Default suite -->
</testng-results>
