<?xml version="1.0" encoding="UTF-8"?>
<testng-results ignored="0" total="2" passed="2" failed="0" skipped="0">
  <reporter-output>
  </reporter-output>
  <suite started-at="2023-02-23T14:58:38 GMT" name="Default suite" finished-at="2023-02-23T14:58:49 GMT" duration-ms="10811">
    <groups>
    </groups>
    <test started-at="2023-02-23T14:58:38 GMT" name="Default test" finished-at="2023-02-23T14:58:49 GMT" duration-ms="10811">
      <class name="Test_scenarios.TestScenario1">
        <test-method is-config="true" signature="abeforetest()[pri:0, instance:Test_scenarios.TestScenario1@3c7f66c4]" started-at="2023-02-23T14:58:38 GMT" name="abeforetest" finished-at="2023-02-23T14:58:40 GMT" duration-ms="2753" status="PASS">
          <reporter-output>
          </reporter-output>
        </test-method> <!-- abeforetest -->
        <test-method is-config="true" signature="launch()[pri:0, instance:Test_scenarios.TestScenario1@3c7f66c4]" started-at="2023-02-23T14:58:41 GMT" name="launch" finished-at="2023-02-23T14:58:41 GMT" duration-ms="894" status="PASS">
          <reporter-output>
          </reporter-output>
        </test-method> <!-- launch -->
        <test-method signature="ValidCheckout()[pri:1, instance:Test_scenarios.TestScenario1@3c7f66c4]" started-at="2023-02-23T14:58:41 GMT" name="ValidCheckout" finished-at="2023-02-23T14:58:48 GMT" duration-ms="6755" status="PASS">
          <reporter-output>
          </reporter-output>
        </test-method> <!-- ValidCheckout -->
        <test-method is-config="true" signature="launch()[pri:0, instance:Test_scenarios.TestScenario1@3c7f66c4]" started-at="2023-02-23T14:58:48 GMT" name="launch" finished-at="2023-02-23T14:58:48 GMT" duration-ms="68" status="PASS">
          <reporter-output>
          </reporter-output>
        </test-method> <!-- launch -->
        <test-method signature="inValidlogin()[pri:2, instance:Test_scenarios.TestScenario1@3c7f66c4]" started-at="2023-02-23T14:58:48 GMT" name="inValidlogin" finished-at="2023-02-23T14:58:49 GMT" duration-ms="303" status="PASS">
          <reporter-output>
          </reporter-output>
        </test-method> <!-- inValidlogin -->
      </class> <!-- Test_scenarios.TestScenario1 -->
    </test> <!-- Default test -->
  </suite> <!-- Default suite -->
</testng-results>
